C:\Users\monse\Documents\GitHub\ccnet-web\web\web\scripts\api\httpMethod.js
C:\Users\monse\Documents\GitHub\ccnet-web\web\web\scripts\api\httpMethod.js.map
C:\Users\monse\Documents\GitHub\ccnet-web\web\web\scripts\dictionaries\iDictionaryString.js
C:\Users\monse\Documents\GitHub\ccnet-web\web\web\scripts\dictionaries\iDictionaryString.js.map
C:\Users\monse\Documents\GitHub\ccnet-web\web\web\scripts\api\iModel.js
C:\Users\monse\Documents\GitHub\ccnet-web\web\web\scripts\api\iModel.js.map
C:\Users\monse\Documents\GitHub\ccnet-web\web\web\scripts\api\proxyBase.js
C:\Users\monse\Documents\GitHub\ccnet-web\web\web\scripts\api\proxyBase.js.map
C:\Users\monse\Documents\GitHub\ccnet-web\web\web\scripts\api\proxy.js
C:\Users\monse\Documents\GitHub\ccnet-web\web\web\scripts\api\proxy.js.map
C:\Users\monse\Documents\GitHub\ccnet-web\web\web\scripts\api\proxyRest.js
C:\Users\monse\Documents\GitHub\ccnet-web\web\web\scripts\api\proxyRest.js.map
C:\Users\monse\Documents\GitHub\ccnet-web\web\web\scripts\utils\KoBinder.js
C:\Users\monse\Documents\GitHub\ccnet-web\web\web\scripts\utils\KoBinder.js.map
C:\Users\monse\Documents\GitHub\ccnet-web\web\web\scripts\clientes\Cliente.js
C:\Users\monse\Documents\GitHub\ccnet-web\web\web\scripts\clientes\Cliente.js.map
C:\Users\monse\Documents\GitHub\ccnet-web\web\web\scripts\clientes\ClientesModel.js
C:\Users\monse\Documents\GitHub\ccnet-web\web\web\scripts\clientes\ClientesModel.js.map
C:\Users\monse\Documents\GitHub\ccnet-web\web\web\scripts\clientes\appClientes.js
C:\Users\monse\Documents\GitHub\ccnet-web\web\web\scripts\clientes\appClientes.js.map
C:\Users\monse\Documents\GitHub\ccnet-web\web\web\scripts\validators\validatorInterfaces.js
C:\Users\monse\Documents\GitHub\ccnet-web\web\web\scripts\validators\validatorInterfaces.js.map
C:\Users\monse\Documents\GitHub\ccnet-web\web\web\scripts\field\iField.js
C:\Users\monse\Documents\GitHub\ccnet-web\web\web\scripts\field\iField.js.map
C:\Users\monse\Documents\GitHub\ccnet-web\web\web\scripts\utils\PromiseUtils.js
C:\Users\monse\Documents\GitHub\ccnet-web\web\web\scripts\utils\PromiseUtils.js.map
C:\Users\monse\Documents\GitHub\ccnet-web\web\web\scripts\field\iFieldBase.js
C:\Users\monse\Documents\GitHub\ccnet-web\web\web\scripts\field\iFieldBase.js.map
C:\Users\monse\Documents\GitHub\ccnet-web\web\web\scripts\field\fieldBase.js
C:\Users\monse\Documents\GitHub\ccnet-web\web\web\scripts\field\fieldBase.js.map
C:\Users\monse\Documents\GitHub\ccnet-web\web\web\scripts\field\field.js
C:\Users\monse\Documents\GitHub\ccnet-web\web\web\scripts\field\field.js.map
C:\Users\monse\Documents\GitHub\ccnet-web\web\web\scripts\field\iFieldArray.js
C:\Users\monse\Documents\GitHub\ccnet-web\web\web\scripts\field\iFieldArray.js.map
C:\Users\monse\Documents\GitHub\ccnet-web\web\web\scripts\field\FieldArray.js
C:\Users\monse\Documents\GitHub\ccnet-web\web\web\scripts\field\FieldArray.js.map
C:\Users\monse\Documents\GitHub\ccnet-web\web\web\scripts\validators\validatorBase.js
C:\Users\monse\Documents\GitHub\ccnet-web\web\web\scripts\validators\validatorBase.js.map
C:\Users\monse\Documents\GitHub\ccnet-web\web\web\scripts\validators\ValidatableValidator.js
C:\Users\monse\Documents\GitHub\ccnet-web\web\web\scripts\validators\ValidatableValidator.js.map
C:\Users\monse\Documents\GitHub\ccnet-web\web\web\scripts\form\KoForm.js
C:\Users\monse\Documents\GitHub\ccnet-web\web\web\scripts\form\KoForm.js.map
C:\Users\monse\Documents\GitHub\ccnet-web\web\web\scripts\clientes\IClienteModel.js
C:\Users\monse\Documents\GitHub\ccnet-web\web\web\scripts\clientes\IClienteModel.js.map
C:\Users\monse\Documents\GitHub\ccnet-web\web\web\scripts\utils\UrlUtils.js
C:\Users\monse\Documents\GitHub\ccnet-web\web\web\scripts\utils\UrlUtils.js.map
C:\Users\monse\Documents\GitHub\ccnet-web\web\web\scripts\validators\stringValidators.js
C:\Users\monse\Documents\GitHub\ccnet-web\web\web\scripts\validators\stringValidators.js.map
C:\Users\monse\Documents\GitHub\ccnet-web\web\web\scripts\clientes\EditarClienteModel.js
C:\Users\monse\Documents\GitHub\ccnet-web\web\web\scripts\clientes\EditarClienteModel.js.map
C:\Users\monse\Documents\GitHub\ccnet-web\web\web\scripts\clientes\appEditar.js
C:\Users\monse\Documents\GitHub\ccnet-web\web\web\scripts\clientes\appEditar.js.map
C:\Users\monse\Documents\GitHub\ccnet-web\web\web\scripts\clientes\ClienteModel.js
C:\Users\monse\Documents\GitHub\ccnet-web\web\web\scripts\clientes\ClienteModel.js.map
C:\Users\monse\Documents\GitHub\ccnet-web\web\web\scripts\clientes\appNuevo.js
C:\Users\monse\Documents\GitHub\ccnet-web\web\web\scripts\clientes\appNuevo.js.map
C:\Users\monse\Documents\GitHub\ccnet-web\web\web\scripts\validators\numberValidators.js
C:\Users\monse\Documents\GitHub\ccnet-web\web\web\scripts\validators\numberValidators.js.map
C:\Users\monse\Documents\GitHub\ccnet-web\web\web\scripts\cotizaciones\iPresupuestoItemModel.js
C:\Users\monse\Documents\GitHub\ccnet-web\web\web\scripts\cotizaciones\iPresupuestoItemModel.js.map
C:\Users\monse\Documents\GitHub\ccnet-web\web\web\scripts\cotizaciones\PresupuestoItemModel.js
C:\Users\monse\Documents\GitHub\ccnet-web\web\web\scripts\cotizaciones\PresupuestoItemModel.js.map
C:\Users\monse\Documents\GitHub\ccnet-web\web\web\scripts\utils\Size.js
C:\Users\monse\Documents\GitHub\ccnet-web\web\web\scripts\utils\Size.js.map
C:\Users\monse\Documents\GitHub\ccnet-web\web\web\scripts\modals\iModalModel.js
C:\Users\monse\Documents\GitHub\ccnet-web\web\web\scripts\modals\iModalModel.js.map
C:\Users\monse\Documents\GitHub\ccnet-web\web\web\scripts\modals\IBindedModalInfo.js
C:\Users\monse\Documents\GitHub\ccnet-web\web\web\scripts\modals\IBindedModalInfo.js.map
C:\Users\monse\Documents\GitHub\ccnet-web\web\web\scripts\modals\BindedModal.js
C:\Users\monse\Documents\GitHub\ccnet-web\web\web\scripts\modals\BindedModal.js.map
C:\Users\monse\Documents\GitHub\ccnet-web\web\web\scripts\modals\confirmModal.js
C:\Users\monse\Documents\GitHub\ccnet-web\web\web\scripts\modals\confirmModal.js.map
C:\Users\monse\Documents\GitHub\ccnet-web\web\web\scripts\cotizaciones\iPresupuestoModel.js
C:\Users\monse\Documents\GitHub\ccnet-web\web\web\scripts\cotizaciones\iPresupuestoModel.js.map
C:\Users\monse\Documents\GitHub\ccnet-web\web\web\scripts\cotizaciones\PresupuestoModel.js
C:\Users\monse\Documents\GitHub\ccnet-web\web\web\scripts\cotizaciones\PresupuestoModel.js.map
C:\Users\monse\Documents\GitHub\ccnet-web\web\web\scripts\cotizaciones\iCotizacionModel.js
C:\Users\monse\Documents\GitHub\ccnet-web\web\web\scripts\cotizaciones\iCotizacionModel.js.map
C:\Users\monse\Documents\GitHub\ccnet-web\web\web\scripts\cotizaciones\CotizacionModel.js
C:\Users\monse\Documents\GitHub\ccnet-web\web\web\scripts\cotizaciones\CotizacionModel.js.map
C:\Users\monse\Documents\GitHub\ccnet-web\web\web\scripts\cotizaciones\app.js
C:\Users\monse\Documents\GitHub\ccnet-web\web\web\scripts\cotizaciones\app.js.map
C:\Users\monse\Documents\GitHub\ccnet-web\web\web\scripts\cotizaciones\CotizacionesModel.js
C:\Users\monse\Documents\GitHub\ccnet-web\web\web\scripts\cotizaciones\CotizacionesModel.js.map
C:\Users\monse\Documents\GitHub\ccnet-web\web\web\scripts\cotizaciones\CotizacionesClienteModel.js
C:\Users\monse\Documents\GitHub\ccnet-web\web\web\scripts\cotizaciones\CotizacionesClienteModel.js.map
C:\Users\monse\Documents\GitHub\ccnet-web\web\web\scripts\cotizaciones\appCotizacionesCliente.js
C:\Users\monse\Documents\GitHub\ccnet-web\web\web\scripts\cotizaciones\appCotizacionesCliente.js.map
C:\Users\monse\Documents\GitHub\ccnet-web\web\web\scripts\dictionaries\iDictionaryNumber.js
C:\Users\monse\Documents\GitHub\ccnet-web\web\web\scripts\dictionaries\iDictionaryNumber.js.map
